[0207/183858:ERROR:tcp_listen_socket.cc(76)] Could not bind socket to 127.0.0.1:6004
[0207/183858:ERROR:node_debugger.cc(86)] Cannot start debugger server
[0411/183526.310:ERROR:crash_report_database_win.cc(426)] unexpected header
[0411/185950.332:ERROR:crash_report_database_win.cc(426)] unexpected header
[0411/234349.890:ERROR:crash_report_database_win.cc(426)] unexpected header
[0620/190810.693:ERROR:process_reader_win.cc(114)] NtOpenThread: {Acceso denegado} Un proceso ha solicitado acceso a un objeto, pero no se le han concedido esos derechos de acceso.  (0xc0000022)
[0620/190810.695:ERROR:exception_snapshot_win.cc(87)] thread ID 5772 not found in process
[0620/190810.695:WARNING:crash_report_exception_handler.cc(60)] ProcessSnapshotWin::Initialize failed
[0620/231030.818:ERROR:process_reader_win.cc(114)] NtOpenThread: {Acceso denegado} Un proceso ha solicitado acceso a un objeto, pero no se le han concedido esos derechos de acceso.  (0xc0000022)
[0620/231030.819:ERROR:exception_snapshot_win.cc(87)] thread ID 10936 not found in process
[0620/231030.819:WARNING:crash_report_exception_handler.cc(60)] ProcessSnapshotWin::Initialize failed
[0620/235257.184:ERROR:process_reader_win.cc(114)] NtOpenThread: {Acceso denegado} Un proceso ha solicitado acceso a un objeto, pero no se le han concedido esos derechos de acceso.  (0xc0000022)
[0620/235257.185:ERROR:exception_snapshot_win.cc(87)] thread ID 16788 not found in process
[0620/235257.185:WARNING:crash_report_exception_handler.cc(60)] ProcessSnapshotWin::Initialize failed
[0620/235429.505:ERROR:process_reader_win.cc(114)] NtOpenThread: {Acceso denegado} Un proceso ha solicitado acceso a un objeto, pero no se le han concedido esos derechos de acceso.  (0xc0000022)
[0620/235429.506:ERROR:exception_snapshot_win.cc(87)] thread ID 17068 not found in process
[0620/235429.506:WARNING:crash_report_exception_handler.cc(60)] ProcessSnapshotWin::Initialize failed
[0621/171638.265:ERROR:process_reader_win.cc(114)] NtOpenThread: {Acceso denegado} Un proceso ha solicitado acceso a un objeto, pero no se le han concedido esos derechos de acceso.  (0xc0000022)
[0621/171638.266:ERROR:exception_snapshot_win.cc(87)] thread ID 1832 not found in process
[0621/171638.266:WARNING:crash_report_exception_handler.cc(60)] ProcessSnapshotWin::Initialize failed
[0621/180436.005:ERROR:process_reader_win.cc(114)] NtOpenThread: {Acceso denegado} Un proceso ha solicitado acceso a un objeto, pero no se le han concedido esos derechos de acceso.  (0xc0000022)
[0621/180436.006:ERROR:exception_snapshot_win.cc(87)] thread ID 13340 not found in process
[0621/180436.006:WARNING:crash_report_exception_handler.cc(60)] ProcessSnapshotWin::Initialize failed
[0621/184950.586:ERROR:process_reader_win.cc(114)] NtOpenThread: {Acceso denegado} Un proceso ha solicitado acceso a un objeto, pero no se le han concedido esos derechos de acceso.  (0xc0000022)
[0621/184950.587:ERROR:exception_snapshot_win.cc(87)] thread ID 12120 not found in process
[0621/184950.587:WARNING:crash_report_exception_handler.cc(60)] ProcessSnapshotWin::Initialize failed
[0621/224712.392:ERROR:process_reader_win.cc(114)] NtOpenThread: {Acceso denegado} Un proceso ha solicitado acceso a un objeto, pero no se le han concedido esos derechos de acceso.  (0xc0000022)
[0621/224712.393:ERROR:exception_snapshot_win.cc(87)] thread ID 19068 not found in process
[0621/224712.393:WARNING:crash_report_exception_handler.cc(60)] ProcessSnapshotWin::Initialize failed
[0621/224818.493:ERROR:process_reader_win.cc(114)] NtOpenThread: {Acceso denegado} Un proceso ha solicitado acceso a un objeto, pero no se le han concedido esos derechos de acceso.  (0xc0000022)
[0621/224818.494:ERROR:exception_snapshot_win.cc(87)] thread ID 19024 not found in process
[0621/224818.494:WARNING:crash_report_exception_handler.cc(60)] ProcessSnapshotWin::Initialize failed
[0622/182333.681:ERROR:process_reader_win.cc(114)] NtOpenThread: {Acceso denegado} Un proceso ha solicitado acceso a un objeto, pero no se le han concedido esos derechos de acceso.  (0xc0000022)
[0622/182333.684:ERROR:exception_snapshot_win.cc(87)] thread ID 8172 not found in process
[0622/182333.684:WARNING:crash_report_exception_handler.cc(60)] ProcessSnapshotWin::Initialize failed
