0 info it worked if it ends with ok
1 verbose cli [ 'C:\\Program Files\\nodejs\\node.exe',
1 verbose cli   'C:\\Program Files\\nodejs\\node_modules\\npm\\bin\\npm-cli.js',
1 verbose cli   'start' ]
2 info using npm@3.10.8
3 info using node@v7.0.0
4 verbose run-script [ 'prestart', 'start', 'poststart' ]
5 info lifecycle proyecto_basico@1.0.0~prestart: proyecto_basico@1.0.0
6 silly lifecycle proyecto_basico@1.0.0~prestart: no script for prestart, continuing
7 info lifecycle proyecto_basico@1.0.0~start: proyecto_basico@1.0.0
8 verbose lifecycle proyecto_basico@1.0.0~start: unsafe-perm in lifecycle true
9 verbose lifecycle proyecto_basico@1.0.0~start: PATH: C:\Program Files\nodejs\node_modules\npm\bin\node-gyp-bin;C:\Users\IgnacioFernandez\Documents\cebadas\PruebasAngular2\basic_proyect\node_modules\.bin;C:\Users\IgnacioFernandez\bin;C:\Program Files\Git\mingw64\bin;C:\Program Files\Git\usr\local\bin;C:\Program Files\Git\usr\bin;C:\Program Files\Git\usr\bin;C:\Program Files\Git\mingw64\bin;C:\Program Files\Git\usr\bin;C:\Users\IgnacioFernandez\bin;C:\Python35\Scripts;C:\Python35;C:\Windows\system32;C:\Windows;C:\Windows\System32\Wbem;C:\Windows\System32\WindowsPowerShell\v1.0;C:\ProgramData\chocolatey\bin;C:\Program Files\Git\cmd;C:\Program Files\Java\jdk1.8.0_112\bin;C:\Program Files (x86)\NVIDIA Corporation\PhysX\Common;C:\Program Files (x86)\Skype\Phone;C:\Program Files\nodejs;C:\ProgramData\chocolatey\lib\Elixir\bin;C:\Users\IgnacioFernandez\AppData\Local\Microsoft\WindowsApps;C:\tools\apache-maven-3.3.9\bin;C:\Users\IgnacioFernandez\AppData\Roaming\npm;C:\Program Files (x86)\Microsoft VS Code\bin;C:\Users\IgnacioFernandez\AppData\Local\Android\android-sdk\tools;C:\Users\IgnacioFernandez\AppData\Local\Android\android-sdk\platform-tools;C:\Program Files\Git\usr\bin\vendor_perl;C:\Program Files\Git\usr\bin\core_perl
10 verbose lifecycle proyecto_basico@1.0.0~start: CWD: C:\Users\IgnacioFernandez\Documents\cebadas\PruebasAngular2\basic_proyect
11 silly lifecycle proyecto_basico@1.0.0~start: Args: [ '/d /s /c', 'tsc && concurrently "tsc -w" "lite-server" ' ]
12 silly lifecycle proyecto_basico@1.0.0~start: Returned: code: 2  signal: null
13 info lifecycle proyecto_basico@1.0.0~start: Failed to exec start script
14 verbose stack Error: proyecto_basico@1.0.0 start: `tsc && concurrently "tsc -w" "lite-server" `
14 verbose stack Exit status 2
14 verbose stack     at EventEmitter.<anonymous> (C:\Program Files\nodejs\node_modules\npm\lib\utils\lifecycle.js:255:16)
14 verbose stack     at emitTwo (events.js:106:13)
14 verbose stack     at EventEmitter.emit (events.js:191:7)
14 verbose stack     at ChildProcess.<anonymous> (C:\Program Files\nodejs\node_modules\npm\lib\utils\spawn.js:40:14)
14 verbose stack     at emitTwo (events.js:106:13)
14 verbose stack     at ChildProcess.emit (events.js:191:7)
14 verbose stack     at maybeClose (internal/child_process.js:877:16)
14 verbose stack     at Process.ChildProcess._handle.onexit (internal/child_process.js:226:5)
15 verbose pkgid proyecto_basico@1.0.0
16 verbose cwd C:\Users\IgnacioFernandez\Documents\cebadas\PruebasAngular2\basic_proyect
17 error Windows_NT 10.0.14393
18 error argv "C:\\Program Files\\nodejs\\node.exe" "C:\\Program Files\\nodejs\\node_modules\\npm\\bin\\npm-cli.js" "start"
19 error node v7.0.0
20 error npm  v3.10.8
21 error code ELIFECYCLE
22 error proyecto_basico@1.0.0 start: `tsc && concurrently "tsc -w" "lite-server" `
22 error Exit status 2
23 error Failed at the proyecto_basico@1.0.0 start script 'tsc && concurrently "tsc -w" "lite-server" '.
23 error Make sure you have the latest version of node.js and npm installed.
23 error If you do, this is most likely a problem with the proyecto_basico package,
23 error not with npm itself.
23 error Tell the author that this fails on your system:
23 error     tsc && concurrently "tsc -w" "lite-server"
23 error You can get information on how to open an issue for this project with:
23 error     npm bugs proyecto_basico
23 error Or if that isn't available, you can get their info via:
23 error     npm owner ls proyecto_basico
23 error There is likely additional logging output above.
24 verbose exit [ 1, true ]
